{"created": 1757237591.6946912, "duration": 2.5150532722473145, "exitcode": 1, "root": "/Users/ilpinto/dev/AlchimistProject/alc-lite", "environment": {}, "summary": {"failed": 1, "total": 1, "collected": 1}, "collectors": [{"nodeid": "", "outcome": "passed", "result": [{"nodeid": "tests/test_execution_reporter.py::TestExecutionReporter::test_slippage_analysis_accuracy", "type": "Function", "lineno": 231}]}], "tests": [{"nodeid": "tests/test_execution_reporter.py::TestExecutionReporter::test_slippage_analysis_accuracy", "lineno": 231, "outcome": "failed", "keywords": ["test_slippage_analysis_accuracy", "TestExecutionReporter", "test_execution_reporter.py", "tests", "alc-lite", ""], "setup": {"duration": 1.331929957959801, "outcome": "passed"}, "call": {"duration": 0.0008154580136761069, "outcome": "failed", "crash": {"path": "/Users/ilpinto/dev/AlchimistProject/alc-lite/tests/test_execution_reporter.py", "lineno": 241, "message": "AssertionError: assert 'call' == 'put'\n  \n  - put\n  + call"}, "traceback": [{"path": "tests/test_execution_reporter.py", "lineno": 241, "message": "AssertionError"}], "longrepr": "self = <tests.test_execution_reporter.TestExecutionReporter object at 0x10ca9cb50>\nsample_execution_result = ExecutionResult(success=True, execution_id='SPY_1234567890', symbol='SPY', total_execution_time=2.34, all_legs_filled=...error_message=None, requires_rollback=False, order_placement_time=0.123, fill_monitoring_time=2.217, rollback_time=0.0)\n\n    def test_slippage_analysis_accuracy(self, sample_execution_result):\n        \"\"\"Test slippage analysis calculations\"\"\"\n        reporter = ExecutionReporter()\n    \n        # Access the internal slippage analysis method\n        slippage_analysis = reporter._analyze_slippage(sample_execution_result)\n    \n        assert slippage_analysis.total_slippage_dollars == 2.5\n        assert slippage_analysis.slippage_percentage == 0.25\n>       assert slippage_analysis.worst_leg == \"put\"  # Highest absolute slippage (0.03)\nE       AssertionError: assert 'call' == 'put'\nE         \nE         - put\nE         + call\n\ntests/test_execution_reporter.py:241: AssertionError"}, "teardown": {"duration": 0.00036991690285503864, "outcome": "passed"}}]}
